[debug] [2026-01-18T18:04:32.510Z] [Firebase Plugin] Activating Firebase extension.
[debug] [2026-01-18T18:04:33.202Z] [Firebase Plugin] requireAuthWrapper
[debug] [2026-01-18T18:04:33.203Z] > command requires scopes: ["email","openid","https://www.googleapis.com/auth/cloudplatformprojects.readonly","https://www.googleapis.com/auth/firebase","https://www.googleapis.com/auth/cloud-platform"]
[debug] [2026-01-18T18:04:33.203Z] > authorizing via signed-in user (solomonjuway@gmail.com)
[debug] [2026-01-18T18:04:33.206Z] Checked if tokens are valid: false, expires at: 1768742746943
[debug] [2026-01-18T18:04:33.207Z] Checked if tokens are valid: false, expires at: 1768742746943
[debug] [2026-01-18T18:04:33.207Z] > refreshing access token with scopes: []
[debug] [2026-01-18T18:04:33.208Z] >>> [apiv2][query] POST https://www.googleapis.com/oauth2/v3/token [none]
[debug] [2026-01-18T18:04:33.208Z] >>> [apiv2][body] POST https://www.googleapis.com/oauth2/v3/token [omitted]
[debug] [2026-01-18T18:04:33.216Z] [Firebase Plugin] VSCode notification server listening on port 40001
[info] [Firebase Plugin] Starting Data Connect toolkit (version 3.0.2) on port 50001
[debug] [2026-01-18T18:04:33.492Z] 'fdc build' failed with error: Unable to build your Data Connect schema and connectors (exit code 1): E0119 02:04:33.462127    6348 cmd.go:43] Error loading data connect config: could not find dataconnect.yaml in `d:\WorkSpace\Server\双人猜数\guess-number\dataconnect`
 {"metadata":{"emulator":{"name":"dataconnect"},"message":"'fdc build' failed with error: Unable to build your Data Connect schema and connectors (exit code 1): E0119 02:04:33.462127    6348 cmd.go:43] Error loading data connect config: could not find dataconnect.yaml in `d:\\WorkSpace\\Server\\双人猜数\\guess-number\\dataconnect`\n"}}
[debug] [2026-01-18T18:04:33.493Z] Ignoring unsupported arg: auto_download {"metadata":{"emulator":{"name":"dataconnect"},"message":"Ignoring unsupported arg: auto_download"}}
[debug] [2026-01-18T18:04:33.493Z] Ignoring unsupported arg: port {"metadata":{"emulator":{"name":"dataconnect"},"message":"Ignoring unsupported arg: port"}}
[debug] [2026-01-18T18:04:33.494Z] Starting Data Connect Emulator with command {"binary":"C:\\Users\\一天不说骚话就浑身难受\\.cache\\firebase\\emulators\\dataconnect-emulator-3.0.2.exe","args":["--logtostderr","-v=2","dev","--listen=localhost:50001","--config_dir=d:\\WorkSpace\\Server\\双人猜数\\guess-number\\dataconnect","--enable_output_schema_extensions=true","--enable_output_generated_sdk=true"],"optionalArgs":["listen","config_dir","enable_output_schema_extensions","enable_output_generated_sdk"],"joinArgs":true,"shell":false,"port":9399} {"metadata":{"emulator":{"name":"dataconnect"},"message":"Starting Data Connect Emulator with command {\"binary\":\"C:\\\\Users\\\\一天不说骚话就浑身难受\\\\.cache\\\\firebase\\\\emulators\\\\dataconnect-emulator-3.0.2.exe\",\"args\":[\"--logtostderr\",\"-v=2\",\"dev\",\"--listen=localhost:50001\",\"--config_dir=d:\\\\WorkSpace\\\\Server\\\\双人猜数\\\\guess-number\\\\dataconnect\",\"--enable_output_schema_extensions=true\",\"--enable_output_generated_sdk=true\"],\"optionalArgs\":[\"listen\",\"config_dir\",\"enable_output_schema_extensions\",\"enable_output_generated_sdk\"],\"joinArgs\":true,\"shell\":false,\"port\":9399}"}}
[info] i  dataconnect: Data Connect Emulator logging to dataconnect-debug.log {"metadata":{"emulator":{"name":"dataconnect"},"message":"Data Connect Emulator logging to \u001b[1mdataconnect-debug.log\u001b[22m"}}
[debug] [2026-01-18T18:04:33.545Z] E0119 02:04:33.515960   52492 dev.go:83] Failed to load initial config from "d:\\WorkSpace\\Server\\双人猜数\\guess-number\\dataconnect": could not find dataconnect.yaml in `d:\WorkSpace\Server\双人猜数\guess-number\dataconnect`
 {"metadata":{"emulator":{"name":"dataconnect"},"message":"E0119 02:04:33.515960   52492 dev.go:83] Failed to load initial config from \"d:\\\\WorkSpace\\\\Server\\\\双人猜数\\\\guess-number\\\\dataconnect\": could not find dataconnect.yaml in `d:\\WorkSpace\\Server\\双人猜数\\guess-number\\dataconnect`\n"}}
[debug] [2026-01-18T18:04:33.546Z] E0119 02:04:33.546486   52492 watch.go:116] watchAllDir unable to walk dir `d:\WorkSpace\Server\双人猜数\guess-number\dataconnect`: CreateFile d:\WorkSpace\Server\双人猜数\guess-number\dataconnect: The system cannot find the file specified.
 {"metadata":{"emulator":{"name":"dataconnect"},"message":"E0119 02:04:33.546486   52492 watch.go:116] watchAllDir unable to walk dir `d:\\WorkSpace\\Server\\双人猜数\\guess-number\\dataconnect`: CreateFile d:\\WorkSpace\\Server\\双人猜数\\guess-number\\dataconnect: The system cannot find the file specified.\n"}}
[debug] [2026-01-18T18:04:33.552Z] I0119 02:04:33.553449   52492 dev.go:104] Listening on address (HTTP + gRPC): 127.0.0.1:50001
 {"metadata":{"emulator":{"name":"dataconnect"},"message":"I0119 02:04:33.553449   52492 dev.go:104] Listening on address (HTTP + gRPC): 127.0.0.1:50001\n"}}
[error] [Firebase Plugin] error:  {}
[debug] [2026-01-18T18:04:33.893Z] <<< [apiv2][status] POST https://www.googleapis.com/oauth2/v3/token 200
[debug] [2026-01-18T18:04:33.893Z] <<< [apiv2][body] POST https://www.googleapis.com/oauth2/v3/token [omitted]
[debug] [2026-01-18T18:04:33.899Z] [Firebase Plugin] User found:  solomonjuway@gmail.com
[info] [Firebase Plugin] (Core:Project) New user detected, fetching projects
[debug] [2026-01-18T18:04:33.900Z] Checked if tokens are valid: true, expires at: 1768763072893
[debug] [2026-01-18T18:04:33.900Z] >>> [apiv2][query] GET https://firebase.googleapis.com/v1beta1/projects pageSize=1000
[debug] [2026-01-18T18:04:35.866Z] <<< [apiv2][status] GET https://firebase.googleapis.com/v1beta1/projects 200
[debug] [2026-01-18T18:04:35.866Z] <<< [apiv2][body] GET https://firebase.googleapis.com/v1beta1/projects [omitted]
[debug] [2026-01-18T18:04:43.546Z] E0119 02:04:43.547195   52492 watch.go:40] Failed to load config from "d:\\WorkSpace\\Server\\双人猜数\\guess-number\\dataconnect": could not find dataconnect.yaml in `d:\WorkSpace\Server\双人猜数\guess-number\dataconnect`
 {"metadata":{"emulator":{"name":"dataconnect"},"message":"E0119 02:04:43.547195   52492 watch.go:40] Failed to load config from \"d:\\\\WorkSpace\\\\Server\\\\双人猜数\\\\guess-number\\\\dataconnect\": could not find dataconnect.yaml in `d:\\WorkSpace\\Server\\双人猜数\\guess-number\\dataconnect`\n"}}
[debug] [2026-01-18T18:04:53.546Z] E0119 02:04:53.547204   52492 watch.go:40] Failed to load config from "d:\\WorkSpace\\Server\\双人猜数\\guess-number\\dataconnect": could not find dataconnect.yaml in `d:\WorkSpace\Server\双人猜数\guess-number\dataconnect`
 {"metadata":{"emulator":{"name":"dataconnect"},"message":"E0119 02:04:53.547204   52492 watch.go:40] Failed to load config from \"d:\\\\WorkSpace\\\\Server\\\\双人猜数\\\\guess-number\\\\dataconnect\": could not find dataconnect.yaml in `d:\\WorkSpace\\Server\\双人猜数\\guess-number\\dataconnect`\n"}}
[debug] [2026-01-18T18:05:03.546Z] E0119 02:05:03.547252   52492 watch.go:40] Failed to load config from "d:\\WorkSpace\\Server\\双人猜数\\guess-number\\dataconnect": could not find dataconnect.yaml in `d:\WorkSpace\Server\双人猜数\guess-number\dataconnect`
 {"metadata":{"emulator":{"name":"dataconnect"},"message":"E0119 02:05:03.547252   52492 watch.go:40] Failed to load config from \"d:\\\\WorkSpace\\\\Server\\\\双人猜数\\\\guess-number\\\\dataconnect\": could not find dataconnect.yaml in `d:\\WorkSpace\\Server\\双人猜数\\guess-number\\dataconnect`\n"}}
[debug] [2026-01-18T18:05:13.546Z] E0119 02:05:13.547113   52492 watch.go:40] Failed to load config from "d:\\WorkSpace\\Server\\双人猜数\\guess-number\\dataconnect": could not find dataconnect.yaml in `d:\WorkSpace\Server\双人猜数\guess-number\dataconnect`
 {"metadata":{"emulator":{"name":"dataconnect"},"message":"E0119 02:05:13.547113   52492 watch.go:40] Failed to load config from \"d:\\\\WorkSpace\\\\Server\\\\双人猜数\\\\guess-number\\\\dataconnect\": could not find dataconnect.yaml in `d:\\WorkSpace\\Server\\双人猜数\\guess-number\\dataconnect`\n"}}
[debug] [2026-01-18T18:05:23.546Z] E0119 02:05:23.547469   52492 watch.go:40] Failed to load config from "d:\\WorkSpace\\Server\\双人猜数\\guess-number\\dataconnect": could not find dataconnect.yaml in `d:\WorkSpace\Server\双人猜数\guess-number\dataconnect`
 {"metadata":{"emulator":{"name":"dataconnect"},"message":"E0119 02:05:23.547469   52492 watch.go:40] Failed to load config from \"d:\\\\WorkSpace\\\\Server\\\\双人猜数\\\\guess-number\\\\dataconnect\": could not find dataconnect.yaml in `d:\\WorkSpace\\Server\\双人猜数\\guess-number\\dataconnect`\n"}}
[debug] [2026-01-18T18:05:33.547Z] E0119 02:05:33.547676   52492 watch.go:116] watchAllDir unable to walk dir `d:\WorkSpace\Server\双人猜数\guess-number\dataconnect`: CreateFile d:\WorkSpace\Server\双人猜数\guess-number\dataconnect: The system cannot find the file specified.
E0119 02:05:33.547676   52492 watch.go:40] Failed to load config from "d:\\WorkSpace\\Server\\双人猜数\\guess-number\\dataconnect": could not find dataconnect.yaml in `d:\WorkSpace\Server\双人猜数\guess-number\dataconnect`
 {"metadata":{"emulator":{"name":"dataconnect"},"message":"E0119 02:05:33.547676   52492 watch.go:116] watchAllDir unable to walk dir `d:\\WorkSpace\\Server\\双人猜数\\guess-number\\dataconnect`: CreateFile d:\\WorkSpace\\Server\\双人猜数\\guess-number\\dataconnect: The system cannot find the file specified.\nE0119 02:05:33.547676   52492 watch.go:40] Failed to load config from \"d:\\\\WorkSpace\\\\Server\\\\双人猜数\\\\guess-number\\\\dataconnect\": could not find dataconnect.yaml in `d:\\WorkSpace\\Server\\双人猜数\\guess-number\\dataconnect`\n"}}
[debug] [2026-01-18T18:05:43.547Z] E0119 02:05:43.547457   52492 watch.go:40] Failed to load config from "d:\\WorkSpace\\Server\\双人猜数\\guess-number\\dataconnect": could not find dataconnect.yaml in `d:\WorkSpace\Server\双人猜数\guess-number\dataconnect`
 {"metadata":{"emulator":{"name":"dataconnect"},"message":"E0119 02:05:43.547457   52492 watch.go:40] Failed to load config from \"d:\\\\WorkSpace\\\\Server\\\\双人猜数\\\\guess-number\\\\dataconnect\": could not find dataconnect.yaml in `d:\\WorkSpace\\Server\\双人猜数\\guess-number\\dataconnect`\n"}}
[debug] [2026-01-18T18:05:53.547Z] E0119 02:05:53.547167   52492 watch.go:40] Failed to load config from "d:\\WorkSpace\\Server\\双人猜数\\guess-number\\dataconnect": could not find dataconnect.yaml in `d:\WorkSpace\Server\双人猜数\guess-number\dataconnect`
 {"metadata":{"emulator":{"name":"dataconnect"},"message":"E0119 02:05:53.547167   52492 watch.go:40] Failed to load config from \"d:\\\\WorkSpace\\\\Server\\\\双人猜数\\\\guess-number\\\\dataconnect\": could not find dataconnect.yaml in `d:\\WorkSpace\\Server\\双人猜数\\guess-number\\dataconnect`\n"}}
[debug] [2026-01-18T18:06:03.547Z] E0119 02:06:03.547205   52492 watch.go:40] Failed to load config from "d:\\WorkSpace\\Server\\双人猜数\\guess-number\\dataconnect": could not find dataconnect.yaml in `d:\WorkSpace\Server\双人猜数\guess-number\dataconnect`
 {"metadata":{"emulator":{"name":"dataconnect"},"message":"E0119 02:06:03.547205   52492 watch.go:40] Failed to load config from \"d:\\\\WorkSpace\\\\Server\\\\双人猜数\\\\guess-number\\\\dataconnect\": could not find dataconnect.yaml in `d:\\WorkSpace\\Server\\双人猜数\\guess-number\\dataconnect`\n"}}
[debug] [2026-01-18T18:06:13.547Z] E0119 02:06:13.547336   52492 watch.go:40] Failed to load config from "d:\\WorkSpace\\Server\\双人猜数\\guess-number\\dataconnect": could not find dataconnect.yaml in `d:\WorkSpace\Server\双人猜数\guess-number\dataconnect`
 {"metadata":{"emulator":{"name":"dataconnect"},"message":"E0119 02:06:13.547336   52492 watch.go:40] Failed to load config from \"d:\\\\WorkSpace\\\\Server\\\\双人猜数\\\\guess-number\\\\dataconnect\": could not find dataconnect.yaml in `d:\\WorkSpace\\Server\\双人猜数\\guess-number\\dataconnect`\n"}}
[debug] [2026-01-18T18:06:23.547Z] E0119 02:06:23.547299   52492 watch.go:40] Failed to load config from "d:\\WorkSpace\\Server\\双人猜数\\guess-number\\dataconnect": could not find dataconnect.yaml in `d:\WorkSpace\Server\双人猜数\guess-number\dataconnect`
 {"metadata":{"emulator":{"name":"dataconnect"},"message":"E0119 02:06:23.547299   52492 watch.go:40] Failed to load config from \"d:\\\\WorkSpace\\\\Server\\\\双人猜数\\\\guess-number\\\\dataconnect\": could not find dataconnect.yaml in `d:\\WorkSpace\\Server\\双人猜数\\guess-number\\dataconnect`\n"}}
[debug] [2026-01-18T18:06:33.547Z] E0119 02:06:33.547211   52492 watch.go:116] watchAllDir unable to walk dir `d:\WorkSpace\Server\双人猜数\guess-number\dataconnect`: CreateFile d:\WorkSpace\Server\双人猜数\guess-number\dataconnect: The system cannot find the file specified.
 {"metadata":{"emulator":{"name":"dataconnect"},"message":"E0119 02:06:33.547211   52492 watch.go:116] watchAllDir unable to walk dir `d:\\WorkSpace\\Server\\双人猜数\\guess-number\\dataconnect`: CreateFile d:\\WorkSpace\\Server\\双人猜数\\guess-number\\dataconnect: The system cannot find the file specified.\n"}}
[debug] [2026-01-18T18:06:33.547Z] E0119 02:06:33.547211   52492 watch.go:40] Failed to load config from "d:\\WorkSpace\\Server\\双人猜数\\guess-number\\dataconnect": could not find dataconnect.yaml in `d:\WorkSpace\Server\双人猜数\guess-number\dataconnect`
 {"metadata":{"emulator":{"name":"dataconnect"},"message":"E0119 02:06:33.547211   52492 watch.go:40] Failed to load config from \"d:\\\\WorkSpace\\\\Server\\\\双人猜数\\\\guess-number\\\\dataconnect\": could not find dataconnect.yaml in `d:\\WorkSpace\\Server\\双人猜数\\guess-number\\dataconnect`\n"}}
[debug] [2026-01-18T18:06:43.547Z] E0119 02:06:43.547608   52492 watch.go:40] Failed to load config from "d:\\WorkSpace\\Server\\双人猜数\\guess-number\\dataconnect": could not find dataconnect.yaml in `d:\WorkSpace\Server\双人猜数\guess-number\dataconnect`
 {"metadata":{"emulator":{"name":"dataconnect"},"message":"E0119 02:06:43.547608   52492 watch.go:40] Failed to load config from \"d:\\\\WorkSpace\\\\Server\\\\双人猜数\\\\guess-number\\\\dataconnect\": could not find dataconnect.yaml in `d:\\WorkSpace\\Server\\双人猜数\\guess-number\\dataconnect`\n"}}
[debug] [2026-01-18T18:06:53.547Z] E0119 02:06:53.547501   52492 watch.go:40] Failed to load config from "d:\\WorkSpace\\Server\\双人猜数\\guess-number\\dataconnect": could not find dataconnect.yaml in `d:\WorkSpace\Server\双人猜数\guess-number\dataconnect`
 {"metadata":{"emulator":{"name":"dataconnect"},"message":"E0119 02:06:53.547501   52492 watch.go:40] Failed to load config from \"d:\\\\WorkSpace\\\\Server\\\\双人猜数\\\\guess-number\\\\dataconnect\": could not find dataconnect.yaml in `d:\\WorkSpace\\Server\\双人猜数\\guess-number\\dataconnect`\n"}}
[debug] [2026-01-18T18:07:03.547Z] E0119 02:07:03.547349   52492 watch.go:40] Failed to load config from "d:\\WorkSpace\\Server\\双人猜数\\guess-number\\dataconnect": could not find dataconnect.yaml in `d:\WorkSpace\Server\双人猜数\guess-number\dataconnect`
 {"metadata":{"emulator":{"name":"dataconnect"},"message":"E0119 02:07:03.547349   52492 watch.go:40] Failed to load config from \"d:\\\\WorkSpace\\\\Server\\\\双人猜数\\\\guess-number\\\\dataconnect\": could not find dataconnect.yaml in `d:\\WorkSpace\\Server\\双人猜数\\guess-number\\dataconnect`\n"}}
[debug] [2026-01-18T18:07:13.547Z] E0119 02:07:13.547417   52492 watch.go:40] Failed to load config from "d:\\WorkSpace\\Server\\双人猜数\\guess-number\\dataconnect": could not find dataconnect.yaml in `d:\WorkSpace\Server\双人猜数\guess-number\dataconnect`
 {"metadata":{"emulator":{"name":"dataconnect"},"message":"E0119 02:07:13.547417   52492 watch.go:40] Failed to load config from \"d:\\\\WorkSpace\\\\Server\\\\双人猜数\\\\guess-number\\\\dataconnect\": could not find dataconnect.yaml in `d:\\WorkSpace\\Server\\双人猜数\\guess-number\\dataconnect`\n"}}
[debug] [2026-01-18T18:07:23.547Z] E0119 02:07:23.547478   52492 watch.go:40] Failed to load config from "d:\\WorkSpace\\Server\\双人猜数\\guess-number\\dataconnect": could not find dataconnect.yaml in `d:\WorkSpace\Server\双人猜数\guess-number\dataconnect`
 {"metadata":{"emulator":{"name":"dataconnect"},"message":"E0119 02:07:23.547478   52492 watch.go:40] Failed to load config from \"d:\\\\WorkSpace\\\\Server\\\\双人猜数\\\\guess-number\\\\dataconnect\": could not find dataconnect.yaml in `d:\\WorkSpace\\Server\\双人猜数\\guess-number\\dataconnect`\n"}}
[debug] [2026-01-18T18:07:33.547Z] E0119 02:07:33.547389   52492 watch.go:116] watchAllDir unable to walk dir `d:\WorkSpace\Server\双人猜数\guess-number\dataconnect`: CreateFile d:\WorkSpace\Server\双人猜数\guess-number\dataconnect: The system cannot find the file specified.
E0119 02:07:33.547389   52492 watch.go:40] Failed to load config from "d:\\WorkSpace\\Server\\双人猜数\\guess-number\\dataconnect": could not find dataconnect.yaml in `d:\WorkSpace\Server\双人猜数\guess-number\dataconnect`
 {"metadata":{"emulator":{"name":"dataconnect"},"message":"E0119 02:07:33.547389   52492 watch.go:116] watchAllDir unable to walk dir `d:\\WorkSpace\\Server\\双人猜数\\guess-number\\dataconnect`: CreateFile d:\\WorkSpace\\Server\\双人猜数\\guess-number\\dataconnect: The system cannot find the file specified.\nE0119 02:07:33.547389   52492 watch.go:40] Failed to load config from \"d:\\\\WorkSpace\\\\Server\\\\双人猜数\\\\guess-number\\\\dataconnect\": could not find dataconnect.yaml in `d:\\WorkSpace\\Server\\双人猜数\\guess-number\\dataconnect`\n"}}
[debug] [2026-01-18T18:07:43.547Z] E0119 02:07:43.547260   52492 watch.go:40] Failed to load config from "d:\\WorkSpace\\Server\\双人猜数\\guess-number\\dataconnect": could not find dataconnect.yaml in `d:\WorkSpace\Server\双人猜数\guess-number\dataconnect`
 {"metadata":{"emulator":{"name":"dataconnect"},"message":"E0119 02:07:43.547260   52492 watch.go:40] Failed to load config from \"d:\\\\WorkSpace\\\\Server\\\\双人猜数\\\\guess-number\\\\dataconnect\": could not find dataconnect.yaml in `d:\\WorkSpace\\Server\\双人猜数\\guess-number\\dataconnect`\n"}}
[debug] [2026-01-18T18:07:53.547Z] E0119 02:07:53.547497   52492 watch.go:40] Failed to load config from "d:\\WorkSpace\\Server\\双人猜数\\guess-number\\dataconnect": could not find dataconnect.yaml in `d:\WorkSpace\Server\双人猜数\guess-number\dataconnect`
 {"metadata":{"emulator":{"name":"dataconnect"},"message":"E0119 02:07:53.547497   52492 watch.go:40] Failed to load config from \"d:\\\\WorkSpace\\\\Server\\\\双人猜数\\\\guess-number\\\\dataconnect\": could not find dataconnect.yaml in `d:\\WorkSpace\\Server\\双人猜数\\guess-number\\dataconnect`\n"}}
[debug] [2026-01-18T18:08:03.547Z] E0119 02:08:03.547239   52492 watch.go:40] Failed to load config from "d:\\WorkSpace\\Server\\双人猜数\\guess-number\\dataconnect": could not find dataconnect.yaml in `d:\WorkSpace\Server\双人猜数\guess-number\dataconnect`
 {"metadata":{"emulator":{"name":"dataconnect"},"message":"E0119 02:08:03.547239   52492 watch.go:40] Failed to load config from \"d:\\\\WorkSpace\\\\Server\\\\双人猜数\\\\guess-number\\\\dataconnect\": could not find dataconnect.yaml in `d:\\WorkSpace\\Server\\双人猜数\\guess-number\\dataconnect`\n"}}
[debug] [2026-01-18T18:08:13.547Z] E0119 02:08:13.547497   52492 watch.go:40] Failed to load config from "d:\\WorkSpace\\Server\\双人猜数\\guess-number\\dataconnect": could not find dataconnect.yaml in `d:\WorkSpace\Server\双人猜数\guess-number\dataconnect`
 {"metadata":{"emulator":{"name":"dataconnect"},"message":"E0119 02:08:13.547497   52492 watch.go:40] Failed to load config from \"d:\\\\WorkSpace\\\\Server\\\\双人猜数\\\\guess-number\\\\dataconnect\": could not find dataconnect.yaml in `d:\\WorkSpace\\Server\\双人猜数\\guess-number\\dataconnect`\n"}}
